<?xml version="1.0" encoding="UTF-8"?>
<testsuite xmlns:xsi="http://www.w3.org/2001/XMLSchema-instance" xsi:noNamespaceSchemaLocation="https://maven.apache.org/surefire/maven-surefire-plugin/xsd/surefire-test-report-3.0.xsd" version="3.0" name="edu.example.taskmanager.controller.TaskControllerIntegrationTest" time="0.357" tests="1" errors="0" skipped="0" failures="0">
  <properties>
[...]
</properties>
  <testcase name="testHealth" classname="edu.example.taskmanager.controller.TaskControllerIntegrationTest" time="0.03">
    <system-out><![CDATA[2025-12-02T16:10:53.766-03:00  INFO 9824 --- [           main] t.c.s.AnnotationConfigContextLoaderUtils : Could not detect default configuration classes for test class [edu.example.taskmanager.controller.TaskControllerIntegrationTest]: TaskControllerIntegrationTest does not declare any static, non-private, non-final, nested classes annotated with @Configuration.
2025-12-02T16:10:53.811-03:00  INFO 9824 --- [           main] .b.t.c.SpringBootTestContextBootstrapper : Found @SpringBootConfiguration edu.example.taskmanager.TaskmanagerApplication for test class edu.example.taskmanager.controller.TaskControllerIntegrationTest

  .   ____          _            __ _ _
 /\\ / ___'_ __ _ _(_)_ __  __ _ \ \ \ \
( ( )\___ | '_ | '_| | '_ \/ _` | \ \ \ \
 \\/  ___)| |_)| | | | | || (_| |  ) ) ) )
  '  |____| .__|_| |_|_| |_\__, | / / / /
 =========|_|==============|___/=/_/_/_/
 :: Spring Boot ::                (v3.1.4)

2025-12-02T16:10:53.848-03:00  INFO 9824 --- [           main] e.e.t.c.TaskControllerIntegrationTest    : Starting TaskControllerIntegrationTest using Java 17.0.10 with PID 9824 (started by Pedro in C:\Users\Pedro\Desktop\gerencia\tp_gerenciamento_configuracao_java)
2025-12-02T16:10:53.848-03:00  INFO 9824 --- [           main] e.e.t.c.TaskControllerIntegrationTest    : No active profile set, falling back to 1 default profile: "default"
2025-12-02T16:10:54.079-03:00  INFO 9824 --- [           main] o.s.b.t.m.w.SpringBootMockServletContext : Initializing Spring TestDispatcherServlet ''
2025-12-02T16:10:54.079-03:00  INFO 9824 --- [           main] o.s.t.web.servlet.TestDispatcherServlet  : Initializing Servlet ''
2025-12-02T16:10:54.080-03:00  INFO 9824 --- [           main] o.s.t.web.servlet.TestDispatcherServlet  : Completed initialization in 1 ms
2025-12-02T16:10:54.090-03:00  INFO 9824 --- [           main] e.e.t.c.TaskControllerIntegrationTest    : Started TaskControllerIntegrationTest in 0.269 seconds (process running for 4.173)
]]></system-out>
  </testcase>
</testsuite>